d:\gıthub for vs\network\cs307termproject\cs307termproject\debug\vc140.pdb
d:\gıthub for vs\network\cs307termproject\cs307termproject\debug\vc140.ıdb
d:\gıthub for vs\network\cs307termproject\cs307termproject\debug\cpu.obj
d:\gıthub for vs\network\cs307termproject\cs307termproject\debug\maın.obj
d:\gıthub for vs\network\cs307termproject\cs307termproject\debug\memory.obj
d:\gıthub for vs\network\cs307termproject\cs307termproject\debug\os.obj
d:\gıthub for vs\network\cs307termproject\cs307termproject\debug\assembler.obj
d:\github for vs\network\cs307termproject\cs307termproject\debug\assembler.obj
d:\github for vs\network\cs307termproject\cs307termproject\debug\cpu.obj
d:\github for vs\network\cs307termproject\cs307termproject\debug\main.obj
d:\github for vs\network\cs307termproject\cs307termproject\debug\memory.obj
d:\github for vs\network\cs307termproject\cs307termproject\debug\os.obj
d:\github for vs\network\cs307termproject\cs307termproject\debug\vc140.idb
d:\github for vs\network\cs307termproject\cs307termproject\debug\vc140.pdb
d:\github for vs\network\cs307termproject\debug\cs307termproject.pdb
d:\github for vs\network\cs307termproject\cs307termproject\debug\cs307termproject.tlog\cl.command.1.tlog
d:\github for vs\network\cs307termproject\cs307termproject\debug\cs307termproject.tlog\cl.read.1.tlog
d:\github for vs\network\cs307termproject\cs307termproject\debug\cs307termproject.tlog\cl.write.1.tlog
d:\github for vs\network\cs307termproject\cs307termproject\debug\cs307termproject.tlog\link-cvtres.read.1.tlog
d:\github for vs\network\cs307termproject\cs307termproject\debug\cs307termproject.tlog\link-cvtres.write.1.tlog
d:\github for vs\network\cs307termproject\cs307termproject\debug\cs307termproject.tlog\link-rc.read.1.tlog
d:\github for vs\network\cs307termproject\cs307termproject\debug\cs307termproject.tlog\link-rc.write.1.tlog
d:\github for vs\network\cs307termproject\cs307termproject\debug\cs307termproject.tlog\link.command.1.tlog
d:\github for vs\network\cs307termproject\cs307termproject\debug\cs307termproject.tlog\link.read.1.tlog
d:\github for vs\network\cs307termproject\cs307termproject\debug\cs307termproject.tlog\link.write.1.tlog
